Performing C SOURCE FILE Test CMAKE_HAVE_LIBC_PTHREAD failed with the following output:
Change Dir: /home/pooya/Projects/udacity/CppND-Route-Planning-Project-1/cmake-build-debug/CMakeFiles/CMakeTmp

Run Build Command(s):/usr/bin/make cmTC_2d4ab/fast && /usr/bin/make -f CMakeFiles/cmTC_2d4ab.dir/build.make CMakeFiles/cmTC_2d4ab.dir/build
make[1]: Entering directory '/home/pooya/Projects/udacity/CppND-Route-Planning-Project-1/cmake-build-debug/CMakeFiles/CMakeTmp'
Building C object CMakeFiles/cmTC_2d4ab.dir/src.c.o
/usr/bin/cc   -DCMAKE_HAVE_LIBC_PTHREAD   -o CMakeFiles/cmTC_2d4ab.dir/src.c.o   -c /home/pooya/Projects/udacity/CppND-Route-Planning-Project-1/cmake-build-debug/CMakeFiles/CMakeTmp/src.c
Linking C executable cmTC_2d4ab
/home/pooya/Applications/clion-2019.3.5/bin/cmake/linux/bin/cmake -E cmake_link_script CMakeFiles/cmTC_2d4ab.dir/link.txt --verbose=1
/usr/bin/cc  -DCMAKE_HAVE_LIBC_PTHREAD    -rdynamic CMakeFiles/cmTC_2d4ab.dir/src.c.o  -o cmTC_2d4ab 
CMakeFiles/cmTC_2d4ab.dir/src.c.o: In function `main':
src.c:(.text+0x3e): undefined reference to `pthread_create'
src.c:(.text+0x4a): undefined reference to `pthread_detach'
src.c:(.text+0x5b): undefined reference to `pthread_join'
src.c:(.text+0x6f): undefined reference to `pthread_atfork'
collect2: error: ld returned 1 exit status
CMakeFiles/cmTC_2d4ab.dir/build.make:86: recipe for target 'cmTC_2d4ab' failed
make[1]: *** [cmTC_2d4ab] Error 1
make[1]: Leaving directory '/home/pooya/Projects/udacity/CppND-Route-Planning-Project-1/cmake-build-debug/CMakeFiles/CMakeTmp'
Makefile:121: recipe for target 'cmTC_2d4ab/fast' failed
make: *** [cmTC_2d4ab/fast] Error 2


Source file was:
#include <pthread.h>

void* test_func(void* data)
{
  return data;
}

int main(void)
{
  pthread_t thread;
  pthread_create(&thread, NULL, test_func, NULL);
  pthread_detach(thread);
  pthread_join(thread, NULL);
  pthread_atfork(NULL, NULL, NULL);
  pthread_exit(NULL);

  return 0;
}

Determining if the function pthread_create exists in the pthreads failed with the following output:
Change Dir: /home/pooya/Projects/udacity/CppND-Route-Planning-Project-1/cmake-build-debug/CMakeFiles/CMakeTmp

Run Build Command(s):/usr/bin/make cmTC_9c1a2/fast && /usr/bin/make -f CMakeFiles/cmTC_9c1a2.dir/build.make CMakeFiles/cmTC_9c1a2.dir/build
make[1]: Entering directory '/home/pooya/Projects/udacity/CppND-Route-Planning-Project-1/cmake-build-debug/CMakeFiles/CMakeTmp'
Building C object CMakeFiles/cmTC_9c1a2.dir/CheckFunctionExists.c.o
/usr/bin/cc   -DCHECK_FUNCTION_EXISTS=pthread_create   -o CMakeFiles/cmTC_9c1a2.dir/CheckFunctionExists.c.o   -c /home/pooya/Applications/clion-2019.3.5/bin/cmake/linux/share/cmake-3.15/Modules/CheckFunctionExists.c
Linking C executable cmTC_9c1a2
/home/pooya/Applications/clion-2019.3.5/bin/cmake/linux/bin/cmake -E cmake_link_script CMakeFiles/cmTC_9c1a2.dir/link.txt --verbose=1
/usr/bin/cc  -DCHECK_FUNCTION_EXISTS=pthread_create    -rdynamic CMakeFiles/cmTC_9c1a2.dir/CheckFunctionExists.c.o  -o cmTC_9c1a2 -lpthreads 
/usr/bin/ld: cannot find -lpthreads
collect2: error: ld returned 1 exit status
CMakeFiles/cmTC_9c1a2.dir/build.make:86: recipe for target 'cmTC_9c1a2' failed
make[1]: *** [cmTC_9c1a2] Error 1
make[1]: Leaving directory '/home/pooya/Projects/udacity/CppND-Route-Planning-Project-1/cmake-build-debug/CMakeFiles/CMakeTmp'
Makefile:121: recipe for target 'cmTC_9c1a2/fast' failed
make: *** [cmTC_9c1a2/fast] Error 2



